         ree7famm.OUT
 Foptim=   5.604    
 
              EQUILIBRIUM MATRIX  La          NO3         H           TBP         NH4+        Log(konst)   Parameter  1/0-Aq/Org         dZ2      MODEL#
'(NO3)(H)                      '   0.000       1.000       1.000       0.000       0.000      -1.530       0.000       1.000      -2.000       2.000    
'(NO3)(NH4+)                   '   0.000       1.000       0.000       0.000       1.000      -9.500       0.000       1.000      -2.000       2.000    
'(La)(NO3)                     '   1.000       1.000       0.000       0.000       0.000      0.1000       0.000       1.000      -6.000       2.000    
'(NO3)(TBP)2(NH4+)             '   0.000       1.000       0.000       2.000       1.000      -3.390       0.000       0.000      -2.000       2.000    
'(NO3)3(H)3(TBP)               '   0.000       3.000       3.000       1.000       0.000      -2.931     -0.4808E-01   0.000      -6.000       2.000    
'(NO3)(H)(TBP)                 '   0.000       1.000       1.000       1.000       0.000      0.1374     -0.6694E-01   0.000      -2.000       2.000    
'(NO3)2(H)2(TBP)               '   0.000       2.000       2.000       1.000       0.000       2.003      -2.279       0.000      -4.000       2.000    
'(La)(NO3)3(TBP)3              '   1.000       3.000       0.000       3.000       0.000       1.462      0.1182       0.000      -12.00       2.000    
'(La)(NO3)3(TBP)4              '   1.000       3.000       0.000       4.000       0.000      -38.06       0.000       0.000      -12.00       2.000    
'(TBP)2                        '   0.000       0.000       0.000       2.000       0.000     -0.6200       0.000       0.000       0.000       2.000    
'                     1/0-Aq/Org'    1.000       1.000       1.000       0.000       1.000    
 MODELS NUMBER  
    2 2 2 2 2 2 2 2 2 2
CONSTANT VECTOR 
   (La)(NO3)3(TBP)3                LgK   1.462     A  0.1182    
   (La)(NO3)3(TBP)4                LgK  -38.06     A   0.000    
   (NO3)(H)                        LgK  -1.530     A   0.000    
   (NO3)(NH4)                      LgK  -9.500     A   0.000    
   (La)(NO3)                       LgK  0.1000     A   0.000    
   (NH4)(NO3)(TBP)2                LgK  -3.390     A   0.000    
   (H)3(NO3)3(TBP)                 LgK  -2.931     A -0.4808E-01
   (H)(NO3)(TBP)                   LgK  0.1374     A -0.6694E-01
   (H)2(NO3)2(TBP)                 LgK   2.003     A  -2.279    
   (La)(NO3)3(TBP)3                LgK   1.462     A  0.1182    
   (La)(NO3)3(TBP)4                LgK  -38.06     A   0.000    
   (TBP)2                          LgK -0.6200     A   0.000    
Lg10(K)=Lg10(Ko)+FUNC(SION)   (NO3)(H)                      
Lg10(K)=Lg10(Ko)+FUNC(SION)   (NO3)(NH4)                    
Lg10(K)=Lg10(Ko)+FUNC(SION)   (La)(NO3)                     
Lg10(K)=Lg10(Ko)+FUNC(SION)   (NH4)(NO3)(TBP)2              
Lg10(K)=Lg10(Ko)+FUNC(SION)   (H)3(NO3)3(TBP)               
Lg10(K)=Lg10(Ko)+FUNC(SION)   (H)(NO3)(TBP)                 
Lg10(K)=Lg10(Ko)+FUNC(SION)   (H)2(NO3)2(TBP)               
Lg10(K)=Lg10(Ko)+FUNC(SION)   (La)(NO3)3(TBP)3              
Lg10(K)=Lg10(Ko)+FUNC(SION)   (La)(NO3)3(TBP)4              
Lg10(K)=Lg10(Ko)+FUNC(SION)   (TBP)2                        
   (NO3)(H)                      MOD=  2
Lg10(K)=Lg10(Ko)+A*SION+0.1954*DZ2*SION**.3333333
IONIC STR.   3.147        -2.103       1  1
Lg10(K)=Lg10(Ko)+A*SION+0.1954*DZ2*SION**.3333333
IONIC STR.   4.146        -2.158       1  2
Lg10(K)=Lg10(Ko)+A*SION+0.1954*DZ2*SION**.3333333
IONIC STR.   5.327        -2.213       1  3
Lg10(K)=Lg10(Ko)+A*SION+0.1954*DZ2*SION**.3333333
IONIC STR.   6.530        -2.260       1  4
Lg10(K)=Lg10(Ko)+A*SION+0.1954*DZ2*SION**.3333333
IONIC STR.   8.282        -2.321       1  5
Lg10(K)=Lg10(Ko)+A*SION+0.1954*DZ2*SION**.3333333
IONIC STR.   10.14        -2.376       1  6
Lg10(K)=Lg10(Ko)+A*SION+0.1954*DZ2*SION**.3333333
IONIC STR.   11.89        -2.422       1  7
Lg10(K)=Lg10(Ko)+A*SION+0.1954*DZ2*SION**.3333333
IONIC STR.   13.17        -2.453       1  8
   (NO3)(NH4)                    MOD=  2
Lg10(K)=Lg10(Ko)+A*SION+0.1954*DZ2*SION**.3333333
IONIC STR.   3.147        -10.07       2  1
Lg10(K)=Lg10(Ko)+A*SION+0.1954*DZ2*SION**.3333333
IONIC STR.   4.146        -10.13       2  2
Lg10(K)=Lg10(Ko)+A*SION+0.1954*DZ2*SION**.3333333
IONIC STR.   5.327        -10.18       2  3
Lg10(K)=Lg10(Ko)+A*SION+0.1954*DZ2*SION**.3333333
IONIC STR.   6.530        -10.23       2  4
Lg10(K)=Lg10(Ko)+A*SION+0.1954*DZ2*SION**.3333333
IONIC STR.   8.282        -10.29       2  5
Lg10(K)=Lg10(Ko)+A*SION+0.1954*DZ2*SION**.3333333
IONIC STR.   10.14        -10.35       2  6
Lg10(K)=Lg10(Ko)+A*SION+0.1954*DZ2*SION**.3333333
IONIC STR.   11.89        -10.39       2  7
Lg10(K)=Lg10(Ko)+A*SION+0.1954*DZ2*SION**.3333333
IONIC STR.   13.17        -10.42       2  8
   (La)(NO3)                     MOD=  2
Lg10(K)=Lg10(Ko)+A*SION+0.1954*DZ2*SION**.3333333
IONIC STR.   3.147        -1.618       3  1
Lg10(K)=Lg10(Ko)+A*SION+0.1954*DZ2*SION**.3333333
IONIC STR.   4.146        -1.783       3  2
Lg10(K)=Lg10(Ko)+A*SION+0.1954*DZ2*SION**.3333333
IONIC STR.   5.327        -1.948       3  3
Lg10(K)=Lg10(Ko)+A*SION+0.1954*DZ2*SION**.3333333
IONIC STR.   6.530        -2.091       3  4
Lg10(K)=Lg10(Ko)+A*SION+0.1954*DZ2*SION**.3333333
IONIC STR.   8.282        -2.272       3  5
Lg10(K)=Lg10(Ko)+A*SION+0.1954*DZ2*SION**.3333333
IONIC STR.   10.14        -2.437       3  6
Lg10(K)=Lg10(Ko)+A*SION+0.1954*DZ2*SION**.3333333
IONIC STR.   11.89        -2.576       3  7
Lg10(K)=Lg10(Ko)+A*SION+0.1954*DZ2*SION**.3333333
IONIC STR.   13.17        -2.669       3  8
   (NH4)(NO3)(TBP)2              MOD=  2
Lg10(K)=Lg10(Ko)+A*SION+0.1954*DZ2*SION**.3333333
IONIC STR.   3.147        -3.963       4  1
Lg10(K)=Lg10(Ko)+A*SION+0.1954*DZ2*SION**.3333333
IONIC STR.   4.146        -4.018       4  2
Lg10(K)=Lg10(Ko)+A*SION+0.1954*DZ2*SION**.3333333
IONIC STR.   5.327        -4.073       4  3
Lg10(K)=Lg10(Ko)+A*SION+0.1954*DZ2*SION**.3333333
IONIC STR.   6.530        -4.120       4  4
Lg10(K)=Lg10(Ko)+A*SION+0.1954*DZ2*SION**.3333333
IONIC STR.   8.282        -4.181       4  5
Lg10(K)=Lg10(Ko)+A*SION+0.1954*DZ2*SION**.3333333
IONIC STR.   10.14        -4.236       4  6
Lg10(K)=Lg10(Ko)+A*SION+0.1954*DZ2*SION**.3333333
IONIC STR.   11.89        -4.282       4  7
Lg10(K)=Lg10(Ko)+A*SION+0.1954*DZ2*SION**.3333333
IONIC STR.   13.17        -4.313       4  8
   (H)3(NO3)3(TBP)               MOD=  2
Lg10(K)=Lg10(Ko)+A*SION+0.1954*DZ2*SION**.3333333
IONIC STR.   3.147        -4.800       5  1
Lg10(K)=Lg10(Ko)+A*SION+0.1954*DZ2*SION**.3333333
IONIC STR.   4.146        -5.014       5  2
Lg10(K)=Lg10(Ko)+A*SION+0.1954*DZ2*SION**.3333333
IONIC STR.   5.327        -5.235       5  3
Lg10(K)=Lg10(Ko)+A*SION+0.1954*DZ2*SION**.3333333
IONIC STR.   6.530        -5.436       5  4
Lg10(K)=Lg10(Ko)+A*SION+0.1954*DZ2*SION**.3333333
IONIC STR.   8.282        -5.701       5  5
Lg10(K)=Lg10(Ko)+A*SION+0.1954*DZ2*SION**.3333333
IONIC STR.   10.14        -5.956       5  6
Lg10(K)=Lg10(Ko)+A*SION+0.1954*DZ2*SION**.3333333
IONIC STR.   11.89        -6.178       5  7
Lg10(K)=Lg10(Ko)+A*SION+0.1954*DZ2*SION**.3333333
IONIC STR.   13.17        -6.333       5  8
   (H)(NO3)(TBP)                 MOD=  2
Lg10(K)=Lg10(Ko)+A*SION+0.1954*DZ2*SION**.3333333
IONIC STR.   3.147       -0.6460       6  1
Lg10(K)=Lg10(Ko)+A*SION+0.1954*DZ2*SION**.3333333
IONIC STR.   4.146       -0.7679       6  2
Lg10(K)=Lg10(Ko)+A*SION+0.1954*DZ2*SION**.3333333
IONIC STR.   5.327       -0.9017       6  3
Lg10(K)=Lg10(Ko)+A*SION+0.1954*DZ2*SION**.3333333
IONIC STR.   6.530        -1.030       6  4
Lg10(K)=Lg10(Ko)+A*SION+0.1954*DZ2*SION**.3333333
IONIC STR.   8.282        -1.208       6  5
Lg10(K)=Lg10(Ko)+A*SION+0.1954*DZ2*SION**.3333333
IONIC STR.   10.14        -1.387       6  6
Lg10(K)=Lg10(Ko)+A*SION+0.1954*DZ2*SION**.3333333
IONIC STR.   11.89        -1.550       6  7
Lg10(K)=Lg10(Ko)+A*SION+0.1954*DZ2*SION**.3333333
IONIC STR.   13.17        -1.667       6  8
   (H)2(NO3)2(TBP)               MOD=  2
Lg10(K)=Lg10(Ko)+A*SION+0.1954*DZ2*SION**.3333333
IONIC STR.   3.147        -6.315       7  1
Lg10(K)=Lg10(Ko)+A*SION+0.1954*DZ2*SION**.3333333
IONIC STR.   4.146        -8.701       7  2
Lg10(K)=Lg10(Ko)+A*SION+0.1954*DZ2*SION**.3333333
IONIC STR.   5.327        -11.50       7  3
Lg10(K)=Lg10(Ko)+A*SION+0.1954*DZ2*SION**.3333333
IONIC STR.   6.530        -14.34       7  4
Lg10(K)=Lg10(Ko)+A*SION+0.1954*DZ2*SION**.3333333
IONIC STR.   8.282        -18.45       7  5
Lg10(K)=Lg10(Ko)+A*SION+0.1954*DZ2*SION**.3333333
IONIC STR.   10.14        -22.79       7  6
Lg10(K)=Lg10(Ko)+A*SION+0.1954*DZ2*SION**.3333333
IONIC STR.   11.89        -26.87       7  7
Lg10(K)=Lg10(Ko)+A*SION+0.1954*DZ2*SION**.3333333
IONIC STR.   13.17        -29.86       7  8
   (TBP)2                        MOD=  2
Lg10(K)=Lg10(Ko)+A*SION+0.1954*DZ2*SION**.3333333
IONIC STR.   3.147       -0.6200      10  1
Lg10(K)=Lg10(Ko)+A*SION+0.1954*DZ2*SION**.3333333
IONIC STR.   4.146       -0.6200      10  2
Lg10(K)=Lg10(Ko)+A*SION+0.1954*DZ2*SION**.3333333
IONIC STR.   5.327       -0.6200      10  3
Lg10(K)=Lg10(Ko)+A*SION+0.1954*DZ2*SION**.3333333
IONIC STR.   6.530       -0.6200      10  4
Lg10(K)=Lg10(Ko)+A*SION+0.1954*DZ2*SION**.3333333
IONIC STR.   8.282       -0.6200      10  5
Lg10(K)=Lg10(Ko)+A*SION+0.1954*DZ2*SION**.3333333
IONIC STR.   10.14       -0.6200      10  6
Lg10(K)=Lg10(Ko)+A*SION+0.1954*DZ2*SION**.3333333
IONIC STR.   11.89       -0.6200      10  7
Lg10(K)=Lg10(Ko)+A*SION+0.1954*DZ2*SION**.3333333
IONIC STR.   13.17       -0.6200      10  8
 (La)(NO3)3(T
Lg10(K)=Lg10(Ko)+A*SION+0.1954*DZ2*SION**.3333333
IONIC STR.   3.147        -1.602       1  1
Lg10(K)=Lg10(Ko)+A*SION+0.1954*DZ2*SION**.3333333
IONIC STR.   4.146        -1.815       1  2
Lg10(K)=Lg10(Ko)+A*SION+0.1954*DZ2*SION**.3333333
IONIC STR.   5.327        -2.003       1  3
Lg10(K)=Lg10(Ko)+A*SION+0.1954*DZ2*SION**.3333333
IONIC STR.   6.530        -2.149       1  4
Lg10(K)=Lg10(Ko)+A*SION+0.1954*DZ2*SION**.3333333
IONIC STR.   8.282        -2.303       1  5
Lg10(K)=Lg10(Ko)+A*SION+0.1954*DZ2*SION**.3333333
IONIC STR.   10.14        -2.414       1  6
Lg10(K)=Lg10(Ko)+A*SION+0.1954*DZ2*SION**.3333333
IONIC STR.   11.89        -2.484       1  7
Lg10(K)=Lg10(Ko)+A*SION+0.1954*DZ2*SION**.3333333
IONIC STR.   13.17        -2.518       1  8
 (La)(NO3)3(T
Lg10(K)=Lg10(Ko)+A*SION+0.1954*DZ2*SION**.3333333
IONIC STR.   3.147        -41.50       2  1
Lg10(K)=Lg10(Ko)+A*SION+0.1954*DZ2*SION**.3333333
IONIC STR.   4.146        -41.83       2  2
Lg10(K)=Lg10(Ko)+A*SION+0.1954*DZ2*SION**.3333333
IONIC STR.   5.327        -42.16       2  3
Lg10(K)=Lg10(Ko)+A*SION+0.1954*DZ2*SION**.3333333
IONIC STR.   6.530        -42.45       2  4
Lg10(K)=Lg10(Ko)+A*SION+0.1954*DZ2*SION**.3333333
IONIC STR.   8.282        -42.81       2  5
Lg10(K)=Lg10(Ko)+A*SION+0.1954*DZ2*SION**.3333333
IONIC STR.   10.14        -43.14       2  6
Lg10(K)=Lg10(Ko)+A*SION+0.1954*DZ2*SION**.3333333
IONIC STR.   11.89        -43.42       2  7
Lg10(K)=Lg10(Ko)+A*SION+0.1954*DZ2*SION**.3333333
IONIC STR.   13.17        -43.60       2  8
TOTAL CONCEN. OF BASE FORM IN WATER PHASE          
 NUM   La          NO3         H           TBP         NH4+      
   1   0.5169       1.557      0.6349E-02   0.000      0.9995E-06
   2   0.6910       2.079      0.6523E-02   0.000      0.9995E-06
   3   0.8958       2.694      0.6855E-02   0.000      0.9996E-06
   4    1.098       3.300      0.7247E-02   0.000      0.9996E-06
   5    1.384       4.160      0.7818E-02   0.000      0.9997E-06
   6    1.689       5.076      0.8358E-02   0.000      0.9997E-06
   7    1.968       5.914      0.8780E-02   0.000      0.9998E-06
   8    2.177       6.541      0.9032E-02   0.000      0.9998E-06
 
TOTAL CONCEN. OF BASE FORM IN ORGANIC PHASE        
 NUM   La          NO3         H           TBP         NH4+      
   1   0.2129      0.6423      0.3651E-02   3.661      0.4696E-09
   2   0.3259      0.9812      0.3477E-02   3.661      0.4684E-09
   3   0.4439       1.335      0.3145E-02   3.661      0.4385E-09
   4   0.5406       1.625      0.2753E-02   3.661      0.3977E-09
   5   0.6516       1.957      0.2182E-02   3.661      0.3364E-09
   6   0.7467       2.242      0.1642E-02   3.661      0.2752E-09
   7   0.8165       2.451      0.1220E-02   3.661      0.2260E-09
   8   0.8611       2.584      0.9682E-03   3.661      0.1940E-09
 
 MASS BALANCE CALCULATION QUOLITY 

 POINT  NUMBER   Fx
    1  0.5779E-21
    2  0.4856E-19
    3  0.1356E-23
    4  0.3286E-20
    5  0.6076E-18
    6  0.1216E-17
    7  0.1184E-21
    8  0.2709E-19
 EQUILIBRIUM FORMS CONCENTRATION
 NUM [La        ] [NO3       ] [H         ] [TBP       ] [NH4+      ]
   1  0.4984       1.539      0.6273E-02   1.674      0.9995E-06
   2  0.6683       2.057      0.6431E-02   1.541      0.9995E-06
   3  0.8696       2.668      0.6744E-02   1.394      0.9996E-06
   4   1.069       3.272      0.7119E-02   1.267      0.9996E-06
   5   1.354       4.129      0.7667E-02   1.111      0.9997E-06
   6   1.659       5.045      0.8184E-02  0.9690      0.9997E-06
   7   1.938       5.883      0.8588E-02  0.8576      0.9998E-06
   8   2.147       6.510      0.8829E-02  0.7827      0.9998E-06
 NUM [(NO3)(H)            ] [(NO3)(NH4)          ] [(La)(NO3)           ] [(NH4)(NO3)(TBP)2    ] [(H)3(NO3)3(TBP)     ] [(H)(NO3)(TBP)       ] [(H)2(NO3)2(TBP)     ] [(La)(NO3)3(TBP)3    ] [(La)(NO3)3(TBP)4    ] [(TBP)2              ]
   1  0.7619E-04  0.1301E-15  0.1848E-01  0.4696E-09  0.2383E-10  0.3651E-02  0.7544E-10  0.2129      0.4509E-40  0.6723    
   2  0.9197E-04  0.1532E-15  0.2263E-01  0.4684E-09  0.3454E-10  0.3477E-02  0.5367E-12  0.3259      0.4841E-40  0.5695    
   3  0.1103E-03  0.1752E-15  0.2618E-01  0.4385E-09  0.4730E-10  0.3145E-02  0.1418E-14  0.4439      0.4325E-40  0.4661    
   4  0.1279E-03  0.1924E-15  0.2835E-01  0.3977E-09  0.5863E-10  0.2753E-02  0.3150E-17  0.5406      0.3450E-40  0.3849    
   5  0.1513E-03  0.2114E-15  0.2989E-01  0.3364E-09  0.7019E-10  0.2182E-02  0.3934E-21  0.6516      0.2265E-40  0.2963    
   6  0.1738E-03  0.2275E-15  0.3058E-01  0.2752E-09  0.7557E-10  0.1642E-02  0.2695E-25  0.7467      0.1366E-40  0.2252    
   7  0.1913E-03  0.2386E-15  0.3029E-01  0.2260E-09  0.7338E-10  0.1220E-02  0.2935E-29  0.8165      0.8206E-41  0.1764    
   8  0.2026E-03  0.2458E-15  0.2997E-01  0.1940E-09  0.6905E-10  0.9682E-03  0.3574E-32  0.8611      0.5570E-41  0.1470    
 
DISTRIBUTION OF BASE FORM  La         AQUEOUS PHASE                          ORGANIC PHASE
NUMBE      La            NO3           H             TBP           NH4+          La            NO3           H             TBP           NH4+        CALC.DISTRIB  EXP.DISTRIB.       ERROR,%
     1    0.5169         1.557        0.6349E-02     0.000        0.9995E-06    0.2129        0.6423        0.3651E-02     3.661        0.4696E-09    0.4118        0.3957        -4.081    
     2    0.6910         2.079        0.6523E-02     0.000        0.9995E-06    0.3259        0.9812        0.3477E-02     3.661        0.4684E-09    0.4717        0.4753        0.7542    
     3    0.8958         2.694        0.6855E-02     0.000        0.9996E-06    0.4439         1.335        0.3145E-02     3.661        0.4385E-09    0.4955        0.5117         3.161    
     4     1.098         3.300        0.7247E-02     0.000        0.9996E-06    0.5406         1.625        0.2753E-02     3.661        0.3977E-09    0.4925        0.5077         3.009    
     5     1.384         4.160        0.7818E-02     0.000        0.9997E-06    0.6516         1.957        0.2182E-02     3.661        0.3364E-09    0.4708        0.4765         1.185    
     6     1.689         5.076        0.8358E-02     0.000        0.9997E-06    0.7467         2.242        0.1642E-02     3.661        0.2752E-09    0.4420        0.4434        0.3136    
     7     1.968         5.914        0.8780E-02     0.000        0.9998E-06    0.8165         2.451        0.1220E-02     3.661        0.2260E-09    0.4148        0.4067        -1.984    
     8     2.177         6.541        0.9032E-02     0.000        0.9998E-06    0.8611         2.584        0.9682E-03     3.661        0.1940E-09    0.3955        0.3852        -2.695    
 
DISTRIBUTION OF BASE FORM  NO3        AQUEOUS PHASE                          ORGANIC PHASE
NUMBE      La            NO3           H             TBP           NH4+          La            NO3           H             TBP           NH4+        CALC.DISTRIB  EXP.DISTRIB.       ERROR,%
     1    0.5169         1.557        0.6349E-02     0.000        0.9995E-06    0.2129        0.6423        0.3651E-02     3.661        0.4696E-09    0.4125        0.3932        -4.914    
     2    0.6910         2.079        0.6523E-02     0.000        0.9995E-06    0.3259        0.9812        0.3477E-02     3.661        0.4684E-09    0.4719        0.4730        0.2335    
     3    0.8958         2.694        0.6855E-02     0.000        0.9996E-06    0.4439         1.335        0.3145E-02     3.661        0.4385E-09    0.4954        0.5098         2.815    
     4     1.098         3.300        0.7247E-02     0.000        0.9996E-06    0.5406         1.625        0.2753E-02     3.661        0.3977E-09    0.4922        0.5062         2.761    
     5     1.384         4.160        0.7818E-02     0.000        0.9997E-06    0.6516         1.957        0.2182E-02     3.661        0.3364E-09    0.4705        0.4753         1.022    
     6     1.689         5.076        0.8358E-02     0.000        0.9997E-06    0.7467         2.242        0.1642E-02     3.661        0.2752E-09    0.4416        0.4425        0.2080    
     7     1.968         5.914        0.8780E-02     0.000        0.9998E-06    0.8165         2.451        0.1220E-02     3.661        0.2260E-09    0.4144        0.4060        -2.055    
     8     2.177         6.541        0.9032E-02     0.000        0.9998E-06    0.8611         2.584        0.9682E-03     3.661        0.1940E-09    0.3951        0.3846        -2.747    
 
DISTRIBUTION OF BASE FORM  H          AQUEOUS PHASE                          ORGANIC PHASE
NUMBE      La            NO3           H             TBP           NH4+          La            NO3           H             TBP           NH4+        CALC.DISTRIB  EXP.DISTRIB.       ERROR,%
     1    0.5169         1.557        0.6349E-02     0.000        0.9995E-06    0.2129        0.6423        0.3651E-02     3.661        0.4696E-09    0.5750        0.1000E-96   -0.5750E+99
     2    0.6910         2.079        0.6523E-02     0.000        0.9995E-06    0.3259        0.9812        0.3477E-02     3.661        0.4684E-09    0.5331        0.1000E-96   -0.5331E+99
     3    0.8958         2.694        0.6855E-02     0.000        0.9996E-06    0.4439         1.335        0.3145E-02     3.661        0.4385E-09    0.4588        0.1000E-96   -0.4588E+99
     4     1.098         3.300        0.7247E-02     0.000        0.9996E-06    0.5406         1.625        0.2753E-02     3.661        0.3977E-09    0.3798        0.1000E-96   -0.3798E+99
     5     1.384         4.160        0.7818E-02     0.000        0.9997E-06    0.6516         1.957        0.2182E-02     3.661        0.3364E-09    0.2790        0.1000E-96   -0.2790E+99
     6     1.689         5.076        0.8358E-02     0.000        0.9997E-06    0.7467         2.242        0.1642E-02     3.661        0.2752E-09    0.1964        0.1000E-96   -0.1964E+99
     7     1.968         5.914        0.8780E-02     0.000        0.9998E-06    0.8165         2.451        0.1220E-02     3.661        0.2260E-09    0.1390        0.1000E-96   -0.1390E+99
     8     2.177         6.541        0.9032E-02     0.000        0.9998E-06    0.8611         2.584        0.9682E-03     3.661        0.1940E-09    0.1072        0.1000E-96   -0.1072E+99
 
DISTRIBUTION OF BASE FORM  TBP        AQUEOUS PHASE                          ORGANIC PHASE
NUMBE      La            NO3           H             TBP           NH4+          La            NO3           H             TBP           NH4+        CALC.DISTRIB  EXP.DISTRIB.       ERROR,%
     1    0.5169         1.557        0.6349E-02     0.000        0.9995E-06    0.2129        0.6423        0.3651E-02     3.661        0.4696E-09    0.1000E+06     3660.        -2632.    
     2    0.6910         2.079        0.6523E-02     0.000        0.9995E-06    0.3259        0.9812        0.3477E-02     3.661        0.4684E-09    0.1000E+06     3660.        -2632.    
     3    0.8958         2.694        0.6855E-02     0.000        0.9996E-06    0.4439         1.335        0.3145E-02     3.661        0.4385E-09    0.1000E+06     3660.        -2632.    
     4     1.098         3.300        0.7247E-02     0.000        0.9996E-06    0.5406         1.625        0.2753E-02     3.661        0.3977E-09    0.1000E+06     3660.        -2632.    
     5     1.384         4.160        0.7818E-02     0.000        0.9997E-06    0.6516         1.957        0.2182E-02     3.661        0.3364E-09    0.1000E+06     3660.        -2632.    
     6     1.689         5.076        0.8358E-02     0.000        0.9997E-06    0.7467         2.242        0.1642E-02     3.661        0.2752E-09    0.1000E+06     3660.        -2632.    
     7     1.968         5.914        0.8780E-02     0.000        0.9998E-06    0.8165         2.451        0.1220E-02     3.661        0.2260E-09    0.1000E+06     3660.        -2632.    
     8     2.177         6.541        0.9032E-02     0.000        0.9998E-06    0.8611         2.584        0.9682E-03     3.661        0.1940E-09    0.1000E+06     3660.        -2632.    
 
DISTRIBUTION OF BASE FORM  NH4+       AQUEOUS PHASE                          ORGANIC PHASE
NUMBE      La            NO3           H             TBP           NH4+          La            NO3           H             TBP           NH4+        CALC.DISTRIB  EXP.DISTRIB.       ERROR,%
     1    0.5169         1.557        0.6349E-02     0.000        0.9995E-06    0.2129        0.6423        0.3651E-02     3.661        0.4696E-09    0.4699E-03    0.1000E-92   -0.4699E+92
     2    0.6910         2.079        0.6523E-02     0.000        0.9995E-06    0.3259        0.9812        0.3477E-02     3.661        0.4684E-09    0.4687E-03    0.1000E-92   -0.4687E+92
     3    0.8958         2.694        0.6855E-02     0.000        0.9996E-06    0.4439         1.335        0.3145E-02     3.661        0.4385E-09    0.4387E-03    0.1000E-92   -0.4387E+92
     4     1.098         3.300        0.7247E-02     0.000        0.9996E-06    0.5406         1.625        0.2753E-02     3.661        0.3977E-09    0.3978E-03    0.1000E-92   -0.3978E+92
     5     1.384         4.160        0.7818E-02     0.000        0.9997E-06    0.6516         1.957        0.2182E-02     3.661        0.3364E-09    0.3365E-03    0.1000E-92   -0.3365E+92
     6     1.689         5.076        0.8358E-02     0.000        0.9997E-06    0.7467         2.242        0.1642E-02     3.661        0.2752E-09    0.2753E-03    0.1000E-92   -0.2753E+92
     7     1.968         5.914        0.8780E-02     0.000        0.9998E-06    0.8165         2.451        0.1220E-02     3.661        0.2260E-09    0.2261E-03    0.1000E-92   -0.2261E+92
     8     2.177         6.541        0.9032E-02     0.000        0.9998E-06    0.8611         2.584        0.9682E-03     3.661        0.1940E-09    0.1940E-03    0.1000E-92   -0.1940E+92
